<?xml version="1.0" encoding="UTF-8"?>
<!-- Generated by org.testng.reporters.JUnitXMLReporter -->
<testsuite ignored="0" hostname="LAPTOP-HJE2C80R" failures="0" tests="3" name="Default test" time="97.117" errors="0" timestamp="30 May 2022 14:53:34 GMT">
  <testcase classname="Com.OrangeHRM5.TestCases.Myinfo" name="Login" time="12.729"/>
  <testcase classname="Com.OrangeHRM5.TestCases.Myinfo" name="MyInfo" time="49.799"/>
  <testcase classname="Com.OrangeHRM5.TestCases.Myinfo" name="Logout" time="20.56"/>
</testsuite> <!-- Default test -->
