<?xml version="1.0" encoding="UTF-8"?>
<!-- Generated by org.testng.reporters.JUnitXMLReporter -->
<testsuite ignored="0" hostname="LAPTOP-HJE2C80R" failures="0" tests="3" name="Test" time="98.089" errors="0" timestamp="23 May 2022 16:00:30 GMT">
  <testcase classname="Com.OrangeHRM5.TestCases.Myinfo" name="Login" time="12.786"/>
  <testcase classname="Com.OrangeHRM5.TestCases.Myinfo" name="MyInfo" time="47.632"/>
  <testcase classname="Com.OrangeHRM5.TestCases.Myinfo" name="Logout" time="21.809"/>
</testsuite> <!-- Test -->
