<?xml version="1.0" encoding="UTF-8"?>
<testng-results ignored="0" total="3" passed="3" failed="0" skipped="0">
  <reporter-output>
  </reporter-output>
  <suite started-at="2022-05-30T14:51:56Z" name="Default suite" finished-at="2022-05-30T14:53:34Z" duration-ms="97117">
    <groups>
    </groups>
    <test started-at="2022-05-30T14:51:56Z" name="Default test" finished-at="2022-05-30T14:53:34Z" duration-ms="97117">
      <class name="Com.OrangeHRM5.TestCases.Myinfo">
        <test-method is-config="true" signature="Brouseropen()[pri:0, instance:Com.OrangeHRM5.TestCases.Myinfo@409c54f]" started-at="2022-05-30T14:51:56Z" name="Brouseropen" finished-at="2022-05-30T14:52:10Z" duration-ms="13848" status="PASS">
          <reporter-output>
          </reporter-output>
        </test-method> <!-- Brouseropen -->
        <test-method signature="Login()[pri:1, instance:Com.OrangeHRM5.TestCases.Myinfo@409c54f]" started-at="2022-05-30T14:52:10Z" name="Login" description="Verify user should be able to login" finished-at="2022-05-30T14:52:23Z" duration-ms="12729" status="PASS">
          <reporter-output>
          </reporter-output>
        </test-method> <!-- Login -->
        <test-method signature="MyInfo()[pri:2, instance:Com.OrangeHRM5.TestCases.Myinfo@409c54f]" started-at="2022-05-30T14:52:23Z" name="MyInfo" description="Verify MYInfo Page" finished-at="2022-05-30T14:53:13Z" duration-ms="49799" status="PASS">
          <reporter-output>
          </reporter-output>
        </test-method> <!-- MyInfo -->
        <test-method signature="Logout()[pri:3, instance:Com.OrangeHRM5.TestCases.Myinfo@409c54f]" started-at="2022-05-30T14:53:13Z" name="Logout" description="Verify User should be able to logout" finished-at="2022-05-30T14:53:33Z" duration-ms="20560" status="PASS">
          <reporter-output>
          </reporter-output>
        </test-method> <!-- Logout -->
        <test-method is-config="true" signature="brouserclose()[pri:0, instance:Com.OrangeHRM5.TestCases.Myinfo@409c54f]" started-at="2022-05-30T14:53:33Z" name="brouserclose" finished-at="2022-05-30T14:53:34Z" duration-ms="144" status="PASS">
          <reporter-output>
          </reporter-output>
        </test-method> <!-- brouserclose -->
      </class> <!-- Com.OrangeHRM5.TestCases.Myinfo -->
    </test> <!-- Default test -->
  </suite> <!-- Default suite -->
</testng-results>
